[11:38:33] [main/INFO]: Setting user: Player952
[11:38:35] [Client thread/INFO]: LWJGL Version: 2.9.1
[11:38:43] [Client thread/INFO]: Reloading ResourceManager: Default, FMLFileResourcePack:Forge Mod Loader, FMLFileResourcePack:Minecraft Forge, FMLFileResourcePack:MachiCraft
[11:38:44] [Sound Library Loader/INFO]: Sound engine started
[11:38:46] [Client thread/ERROR]: Using missing texture, unable to load burnsyladboy_machicraft:textures/blocks/tinBlock.png
java.io.FileNotFoundException: burnsyladboy_machicraft:textures/blocks/tinBlock.png
	at net.minecraft.client.resources.FallbackResourceManager.getResource(FallbackResourceManager.java:65) ~[FallbackResourceManager.class:?]
	at net.minecraft.client.resources.SimpleReloadableResourceManager.getResource(SimpleReloadableResourceManager.java:67) ~[SimpleReloadableResourceManager.class:?]
	at net.minecraft.client.renderer.texture.TextureMap.loadTextureAtlas(TextureMap.java:126) [TextureMap.class:?]
	at net.minecraft.client.renderer.texture.TextureMap.loadTexture(TextureMap.java:91) [TextureMap.class:?]
	at net.minecraft.client.renderer.texture.TextureManager.loadTexture(TextureManager.java:89) [TextureManager.class:?]
	at net.minecraft.client.renderer.texture.TextureManager.loadTickableTexture(TextureManager.java:71) [TextureManager.class:?]
	at net.minecraft.client.renderer.texture.TextureManager.loadTextureMap(TextureManager.java:58) [TextureManager.class:?]
	at net.minecraft.client.Minecraft.startGame(Minecraft.java:582) [Minecraft.class:?]
	at net.minecraft.client.Minecraft.run(Minecraft.java:931) [Minecraft.class:?]
	at net.minecraft.client.main.Main.main(Main.java:164) [Main.class:?]
	at sun.reflect.NativeMethodAccessorImpl.invoke0(Native Method) ~[?:1.8.0_25]
	at sun.reflect.NativeMethodAccessorImpl.invoke(Unknown Source) ~[?:1.8.0_25]
	at sun.reflect.DelegatingMethodAccessorImpl.invoke(Unknown Source) ~[?:1.8.0_25]
	at java.lang.reflect.Method.invoke(Unknown Source) ~[?:1.8.0_25]
	at net.minecraft.launchwrapper.Launch.launch(Launch.java:135) [launchwrapper-1.11.jar:?]
	at net.minecraft.launchwrapper.Launch.main(Launch.java:28) [launchwrapper-1.11.jar:?]
	at net.minecraftforge.gradle.GradleStartCommon.launch(GradleStartCommon.java:85) [start/:?]
	at GradleStart.main(GradleStart.java:45) [start/:?]
[11:38:47] [Client thread/INFO]: Created: 512x256 textures/blocks-atlas
[11:38:47] [Client thread/ERROR]: Using missing texture, unable to load burnsyladboy_machicraft:textures/items/tinNugget.png
java.io.FileNotFoundException: burnsyladboy_machicraft:textures/items/tinNugget.png
	at net.minecraft.client.resources.FallbackResourceManager.getResource(FallbackResourceManager.java:65) ~[FallbackResourceManager.class:?]
	at net.minecraft.client.resources.SimpleReloadableResourceManager.getResource(SimpleReloadableResourceManager.java:67) ~[SimpleReloadableResourceManager.class:?]
	at net.minecraft.client.renderer.texture.TextureMap.loadTextureAtlas(TextureMap.java:126) [TextureMap.class:?]
	at net.minecraft.client.renderer.texture.TextureMap.loadTexture(TextureMap.java:91) [TextureMap.class:?]
	at net.minecraft.client.renderer.texture.TextureManager.loadTexture(TextureManager.java:89) [TextureManager.class:?]
	at net.minecraft.client.renderer.texture.TextureManager.loadTickableTexture(TextureManager.java:71) [TextureManager.class:?]
	at net.minecraft.client.renderer.texture.TextureManager.loadTextureMap(TextureManager.java:58) [TextureManager.class:?]
	at net.minecraft.client.Minecraft.startGame(Minecraft.java:583) [Minecraft.class:?]
	at net.minecraft.client.Minecraft.run(Minecraft.java:931) [Minecraft.class:?]
	at net.minecraft.client.main.Main.main(Main.java:164) [Main.class:?]
	at sun.reflect.NativeMethodAccessorImpl.invoke0(Native Method) ~[?:1.8.0_25]
	at sun.reflect.NativeMethodAccessorImpl.invoke(Unknown Source) ~[?:1.8.0_25]
	at sun.reflect.DelegatingMethodAccessorImpl.invoke(Unknown Source) ~[?:1.8.0_25]
	at java.lang.reflect.Method.invoke(Unknown Source) ~[?:1.8.0_25]
	at net.minecraft.launchwrapper.Launch.launch(Launch.java:135) [launchwrapper-1.11.jar:?]
	at net.minecraft.launchwrapper.Launch.main(Launch.java:28) [launchwrapper-1.11.jar:?]
	at net.minecraftforge.gradle.GradleStartCommon.launch(GradleStartCommon.java:85) [start/:?]
	at GradleStart.main(GradleStart.java:45) [start/:?]
[11:38:47] [Client thread/INFO]: Created: 256x256 textures/items-atlas
[11:38:47] [Client thread/INFO]: Reloading ResourceManager: Default, FMLFileResourcePack:Forge Mod Loader, FMLFileResourcePack:Minecraft Forge, FMLFileResourcePack:MachiCraft
[11:38:47] [Client thread/ERROR]: Using missing texture, unable to load burnsyladboy_machicraft:textures/blocks/tinBlock.png
java.io.FileNotFoundException: burnsyladboy_machicraft:textures/blocks/tinBlock.png
	at net.minecraft.client.resources.FallbackResourceManager.getResource(FallbackResourceManager.java:65) ~[FallbackResourceManager.class:?]
	at net.minecraft.client.resources.SimpleReloadableResourceManager.getResource(SimpleReloadableResourceManager.java:67) ~[SimpleReloadableResourceManager.class:?]
	at net.minecraft.client.renderer.texture.TextureMap.loadTextureAtlas(TextureMap.java:126) [TextureMap.class:?]
	at net.minecraft.client.renderer.texture.TextureMap.loadTexture(TextureMap.java:91) [TextureMap.class:?]
	at net.minecraft.client.renderer.texture.TextureManager.loadTexture(TextureManager.java:89) [TextureManager.class:?]
	at net.minecraft.client.renderer.texture.TextureManager.onResourceManagerReload(TextureManager.java:170) [TextureManager.class:?]
	at net.minecraft.client.resources.SimpleReloadableResourceManager.notifyReloadListeners(SimpleReloadableResourceManager.java:134) [SimpleReloadableResourceManager.class:?]
	at net.minecraft.client.resources.SimpleReloadableResourceManager.reloadResources(SimpleReloadableResourceManager.java:118) [SimpleReloadableResourceManager.class:?]
	at net.minecraft.client.Minecraft.refreshResources(Minecraft.java:643) [Minecraft.class:?]
	at cpw.mods.fml.client.FMLClientHandler.finishMinecraftLoading(FMLClientHandler.java:303) [FMLClientHandler.class:?]
	at net.minecraft.client.Minecraft.startGame(Minecraft.java:586) [Minecraft.class:?]
	at net.minecraft.client.Minecraft.run(Minecraft.java:931) [Minecraft.class:?]
	at net.minecraft.client.main.Main.main(Main.java:164) [Main.class:?]
	at sun.reflect.NativeMethodAccessorImpl.invoke0(Native Method) ~[?:1.8.0_25]
	at sun.reflect.NativeMethodAccessorImpl.invoke(Unknown Source) ~[?:1.8.0_25]
	at sun.reflect.DelegatingMethodAccessorImpl.invoke(Unknown Source) ~[?:1.8.0_25]
	at java.lang.reflect.Method.invoke(Unknown Source) ~[?:1.8.0_25]
	at net.minecraft.launchwrapper.Launch.launch(Launch.java:135) [launchwrapper-1.11.jar:?]
	at net.minecraft.launchwrapper.Launch.main(Launch.java:28) [launchwrapper-1.11.jar:?]
	at net.minecraftforge.gradle.GradleStartCommon.launch(GradleStartCommon.java:85) [start/:?]
	at GradleStart.main(GradleStart.java:45) [start/:?]
[11:38:48] [Client thread/INFO]: Created: 512x256 textures/blocks-atlas
[11:38:48] [Client thread/ERROR]: Using missing texture, unable to load burnsyladboy_machicraft:textures/items/tinNugget.png
java.io.FileNotFoundException: burnsyladboy_machicraft:textures/items/tinNugget.png
	at net.minecraft.client.resources.FallbackResourceManager.getResource(FallbackResourceManager.java:65) ~[FallbackResourceManager.class:?]
	at net.minecraft.client.resources.SimpleReloadableResourceManager.getResource(SimpleReloadableResourceManager.java:67) ~[SimpleReloadableResourceManager.class:?]
	at net.minecraft.client.renderer.texture.TextureMap.loadTextureAtlas(TextureMap.java:126) [TextureMap.class:?]
	at net.minecraft.client.renderer.texture.TextureMap.loadTexture(TextureMap.java:91) [TextureMap.class:?]
	at net.minecraft.client.renderer.texture.TextureManager.loadTexture(TextureManager.java:89) [TextureManager.class:?]
	at net.minecraft.client.renderer.texture.TextureManager.onResourceManagerReload(TextureManager.java:170) [TextureManager.class:?]
	at net.minecraft.client.resources.SimpleReloadableResourceManager.notifyReloadListeners(SimpleReloadableResourceManager.java:134) [SimpleReloadableResourceManager.class:?]
	at net.minecraft.client.resources.SimpleReloadableResourceManager.reloadResources(SimpleReloadableResourceManager.java:118) [SimpleReloadableResourceManager.class:?]
	at net.minecraft.client.Minecraft.refreshResources(Minecraft.java:643) [Minecraft.class:?]
	at cpw.mods.fml.client.FMLClientHandler.finishMinecraftLoading(FMLClientHandler.java:303) [FMLClientHandler.class:?]
	at net.minecraft.client.Minecraft.startGame(Minecraft.java:586) [Minecraft.class:?]
	at net.minecraft.client.Minecraft.run(Minecraft.java:931) [Minecraft.class:?]
	at net.minecraft.client.main.Main.main(Main.java:164) [Main.class:?]
	at sun.reflect.NativeMethodAccessorImpl.invoke0(Native Method) ~[?:1.8.0_25]
	at sun.reflect.NativeMethodAccessorImpl.invoke(Unknown Source) ~[?:1.8.0_25]
	at sun.reflect.DelegatingMethodAccessorImpl.invoke(Unknown Source) ~[?:1.8.0_25]
	at java.lang.reflect.Method.invoke(Unknown Source) ~[?:1.8.0_25]
	at net.minecraft.launchwrapper.Launch.launch(Launch.java:135) [launchwrapper-1.11.jar:?]
	at net.minecraft.launchwrapper.Launch.main(Launch.java:28) [launchwrapper-1.11.jar:?]
	at net.minecraftforge.gradle.GradleStartCommon.launch(GradleStartCommon.java:85) [start/:?]
	at GradleStart.main(GradleStart.java:45) [start/:?]
[11:38:48] [Client thread/INFO]: Created: 256x256 textures/items-atlas
[11:38:49] [Sound Library Loader/INFO]: Sound engine started
[11:39:09] [Server thread/INFO]: Starting integrated minecraft server version 1.7.10
[11:39:09] [Server thread/INFO]: Generating keypair
[11:39:09] [Server thread/INFO]: Converting map!
[11:39:09] [Server thread/INFO]: Scanning folders...
[11:39:09] [Server thread/INFO]: Total conversion count is 0
[11:39:11] [Server thread/INFO]: Preparing start region for level 0
[11:39:12] [Server thread/INFO]: Preparing spawn area: 3%
[11:39:13] [Server thread/INFO]: Preparing spawn area: 6%
[11:39:14] [Server thread/INFO]: Preparing spawn area: 8%
[11:39:15] [Server thread/INFO]: Preparing spawn area: 12%
[11:39:16] [Server thread/INFO]: Preparing spawn area: 17%
[11:39:17] [Server thread/INFO]: Preparing spawn area: 22%
[11:39:18] [Server thread/INFO]: Preparing spawn area: 27%
[11:39:19] [Server thread/INFO]: Preparing spawn area: 32%
[11:39:20] [Server thread/INFO]: Preparing spawn area: 38%
[11:39:21] [Server thread/INFO]: Preparing spawn area: 43%
[11:39:22] [Server thread/INFO]: Preparing spawn area: 47%
[11:39:23] [Server thread/INFO]: Preparing spawn area: 54%
[11:39:24] [Server thread/INFO]: Preparing spawn area: 61%
[11:39:25] [Server thread/INFO]: Preparing spawn area: 66%
[11:39:26] [Server thread/INFO]: Preparing spawn area: 73%
[11:39:27] [Server thread/INFO]: Preparing spawn area: 80%
[11:39:28] [Server thread/INFO]: Preparing spawn area: 87%
[11:39:29] [Server thread/INFO]: Preparing spawn area: 95%
[11:39:30] [Server thread/INFO]: Changing view distance to 12, from 10
[11:39:31] [Server thread/INFO]: Player952[local:E:d9b6de32] logged in with entity id 202 at (219.5, 66.0, 200.5)
[11:39:31] [Server thread/INFO]: Player952 joined the game
[11:39:42] [Server thread/WARN]: Can't keep up! Did the system time change, or is the server overloaded? Running 11826ms behind, skipping 236 tick(s)
[11:39:44] [Server thread/INFO]: Player952 has just earned the achievement [Taking Inventory]
[11:39:45] [Client thread/INFO]: [CHAT] Player952 has just earned the achievement [Taking Inventory]
[11:40:01] [Client thread/INFO]: Warning: Clientside chunk ticking took 689 ms
[11:40:05] [Client thread/INFO]: Warning: Clientside chunk ticking took 150 ms
[11:40:06] [Client thread/INFO]: Warning: Clientside chunk ticking took 124 ms
[11:40:07] [Client thread/INFO]: Warning: Clientside chunk ticking took 514 ms
[11:40:08] [Client thread/INFO]: Warning: Clientside chunk ticking took 481 ms
[11:40:09] [Client thread/INFO]: Warning: Clientside chunk ticking took 426 ms
[11:40:12] [Client thread/INFO]: Warning: Clientside chunk ticking took 143 ms
[11:40:12] [Client thread/INFO]: Warning: Clientside chunk ticking took 224 ms
[11:40:16] [Server thread/WARN]: Can't keep up! Did the system time change, or is the server overloaded? Running 25197ms behind, skipping 503 tick(s)
[11:40:21] [Server thread/WARN]: Can't keep up! Did the system time change, or is the server overloaded? Running 4905ms behind, skipping 98 tick(s)
[11:40:45] [Client thread/INFO]: Warning: Clientside chunk ticking took 561 ms
[11:40:46] [Client thread/INFO]: Warning: Clientside chunk ticking took 126 ms
[11:41:03] [Server thread/WARN]: Can't keep up! Did the system time change, or is the server overloaded? Running 26031ms behind, skipping 520 tick(s)
[11:41:07] [Server thread/WARN]: Can't keep up! Did the system time change, or is the server overloaded? Running 4307ms behind, skipping 86 tick(s)
[11:41:27] [Client thread/INFO]: Warning: Clientside chunk ticking took 110 ms
[11:41:34] [Client thread/INFO]: Warning: Clientside chunk ticking took 132 ms
[11:41:37] [Server thread/WARN]: Can't keep up! Did the system time change, or is the server overloaded? Running 12858ms behind, skipping 257 tick(s)
[11:41:46] [Server thread/WARN]: Can't keep up! Did the system time change, or is the server overloaded? Running 5155ms behind, skipping 103 tick(s)
[11:41:57] [Client thread/INFO]: Warning: Clientside chunk ticking took 354 ms
[11:41:58] [Client thread/INFO]: Warning: Clientside chunk ticking took 449 ms
[11:41:59] [Client thread/INFO]: Warning: Clientside chunk ticking took 434 ms
[11:41:59] [Server thread/INFO]: Saving and pausing game...
[11:41:59] [Server thread/INFO]: Saving chunks for level 'New World'/Overworld
[11:41:59] [Server thread/INFO]: Saving chunks for level 'New World'/Nether
[11:41:59] [Server thread/INFO]: Saving chunks for level 'New World'/The End
[11:41:59] [Server thread/INFO]: Stopping server
[11:41:59] [Server thread/INFO]: Saving players
[11:41:59] [Server thread/INFO]: Saving worlds
[11:41:59] [Server thread/INFO]: Saving chunks for level 'New World'/Overworld
[11:41:59] [Server thread/INFO]: Saving chunks for level 'New World'/Nether
[11:41:59] [Server thread/INFO]: Saving chunks for level 'New World'/The End
[11:42:03] [Client thread/INFO]: Stopping!
